<?xml version="1.0" encoding="UTF-8"?>
<coverage generated="1713903217849" clover="3.2.0">
  <project timestamp="1713903217849" name="All files">
    <metrics statements="10" coveredstatements="10" conditionals="1" coveredconditionals="1" methods="5" coveredmethods="5" elements="16" coveredelements="16" complexity="0" loc="10" ncloc="10" packages="1" files="2" classes="2"/>
    <file name="Account.ts" path="C:\Users\asus\Videos\Clean.Code.e.Clean.Architecture\PROJEJTO\CCC4-DESIGNER-PATTERN\src\Account.ts">
      <metrics statements="8" coveredstatements="8" conditionals="1" coveredconditionals="1" methods="4" coveredmethods="4"/>
      <line num="3" count="1" type="stmt"/>
      <line num="4" count="7" type="stmt"/>
      <line num="5" count="7" type="stmt"/>
      <line num="7" count="4" type="cond" truecount="1" falsecount="0"/>
      <line num="8" count="2" type="stmt"/>
      <line num="10" count="4" type="stmt"/>
      <line num="13" count="1" type="stmt"/>
      <line num="16" count="6" type="stmt"/>
    </file>
    <file name="CurrencyAPIFake.ts" path="C:\Users\asus\Videos\Clean.Code.e.Clean.Architecture\PROJEJTO\CCC4-DESIGNER-PATTERN\src\CurrencyAPIFake.ts">
      <metrics statements="2" coveredstatements="2" conditionals="0" coveredconditionals="0" methods="1" coveredmethods="1"/>
      <line num="2" count="1" type="stmt"/>
      <line num="4" count="1" type="stmt"/>
    </file>
  </project>
</coverage>
