{"C:\\Users\\asus\\Videos\\Clean.Code.e.Clean.Architecture\\PROJEJTO\\CCC4-DESIGNER-PATTERN\\src\\Account.ts": {"path":"C:\\Users\\asus\\Videos\\Clean.Code.e.Clean.Architecture\\PROJEJTO\\CCC4-DESIGNER-PATTERN\\src\\Account.ts","statementMap":{"0":{"start":{"line":5,"column":23},"end":{"line":5,"column":46}},"1":{"start":{"line":4,"column":2},"end":{"line":4,"column":22}},"2":{"start":{"line":7,"column":4},"end":{"line":9,"column":5}},"3":{"start":{"line":8,"column":8},"end":{"line":8,"column":60}},"4":{"start":{"line":10,"column":4},"end":{"line":10,"column":27}},"5":{"start":{"line":13,"column":4},"end":{"line":13,"column":27}},"6":{"start":{"line":16,"column":4},"end":{"line":16,"column":24}},"7":{"start":{"line":3,"column":0},"end":{"line":3,"column":21}}},"fnMap":{"0":{"name":"(anonymous_0)","decl":{"start":{"line":5,"column":2},"end":{"line":5,"column":23}},"loc":{"start":{"line":5,"column":46},"end":{"line":5,"column":50}}},"1":{"name":"(anonymous_1)","decl":{"start":{"line":6,"column":2},"end":{"line":6,"column":8}},"loc":{"start":{"line":6,"column":41},"end":{"line":11,"column":3}}},"2":{"name":"(anonymous_2)","decl":{"start":{"line":12,"column":2},"end":{"line":12,"column":7}},"loc":{"start":{"line":12,"column":21},"end":{"line":14,"column":3}}},"3":{"name":"(anonymous_3)","decl":{"start":{"line":15,"column":2},"end":{"line":15,"column":12}},"loc":{"start":{"line":15,"column":12},"end":{"line":17,"column":3}}}},"branchMap":{"0":{"loc":{"start":{"line":7,"column":4},"end":{"line":9,"column":5}},"type":"if","locations":[{"start":{"line":7,"column":4},"end":{"line":9,"column":5}}]}},"s":{"0":7,"1":7,"2":4,"3":2,"4":4,"5":1,"6":6,"7":1},"f":{"0":7,"1":4,"2":1,"3":6},"b":{"0":[2]}}
,"C:\\Users\\asus\\Videos\\Clean.Code.e.Clean.Architecture\\PROJEJTO\\CCC4-DESIGNER-PATTERN\\src\\CurrencyAPIFake.ts": {"path":"C:\\Users\\asus\\Videos\\Clean.Code.e.Clean.Architecture\\PROJEJTO\\CCC4-DESIGNER-PATTERN\\src\\CurrencyAPIFake.ts","statementMap":{"0":{"start":{"line":4,"column":8},"end":{"line":4,"column":26}},"1":{"start":{"line":2,"column":0},"end":{"line":2,"column":21}}},"fnMap":{"0":{"name":"(anonymous_0)","decl":{"start":{"line":3,"column":4},"end":{"line":3,"column":11}},"loc":{"start":{"line":3,"column":44},"end":{"line":5,"column":5}}}},"branchMap":{},"s":{"0":1,"1":1},"f":{"0":1},"b":{}}
}
